0 info it worked if it ends with ok
1 verbose cli [ 'E:\\Toolbox\\nodejs\\node.exe',
1 verbose cli   'E:\\Toolbox\\nodejs\\node_modules\\npm\\bin\\npm-cli.js',
1 verbose cli   'publish',
1 verbose cli   '--tag',
1 verbose cli   '1.0.1' ]
2 info using npm@2.14.12
3 info using node@v4.3.1
4 verbose publish [ '.' ]
5 verbose stack Error: Tag name must not be a valid SemVer range: 1.0.1
5 verbose stack     at EventEmitter.publish (E:\Toolbox\nodejs\node_modules\npm\lib\publish.js:41:14)
5 verbose stack     at Object.commandCache.(anonymous function) (E:\Toolbox\nodejs\node_modules\npm\lib\npm.js:220:11)
5 verbose stack     at EventEmitter.<anonymous> (E:\Toolbox\nodejs\node_modules\npm\bin\npm-cli.js:72:28)
5 verbose stack     at nextTickCallbackWith0Args (node.js:415:9)
5 verbose stack     at process._tickCallback (node.js:344:13)
6 verbose cwd E:\Code\TestNode\src\server\liucr-mysql
7 error Windows_NT 10.0.10586
8 error argv "E:\\Toolbox\\nodejs\\node.exe" "E:\\Toolbox\\nodejs\\node_modules\\npm\\bin\\npm-cli.js" "publish" "--tag" "1.0.1"
9 error node v4.3.1
10 error npm  v2.14.12
11 error Tag name must not be a valid SemVer range: 1.0.1
12 error If you need help, you may report this error at:
12 error     <https://github.com/npm/npm/issues>
13 verbose exit [ 1, true ]
